\BOOKMARK [1][-]{section.1}{教育经历}{}% 1
\BOOKMARK [2][-]{subsection.1.1}{东南大学}{section.1}% 2
\BOOKMARK [2][-]{subsection.1.2}{计算机科学与工程学院, 计算机科学学士}{section.1}% 3
\BOOKMARK [1][-]{section.2}{工作经历}{}% 4
\BOOKMARK [2][-]{subsection.2.1}{一起科技}{section.2}% 5
\BOOKMARK [2][-]{subsection.2.2}{自然语言处理算法工程师}{section.2}% 6
\BOOKMARK [1][-]{section.3}{论文}{}% 7
\BOOKMARK [1][-]{section.4}{科研经历}{}% 8
\BOOKMARK [2][-]{subsection.4.1}{知识科学与工程实验室 \(由漆桂林教授领导\)}{section.4}% 9
\BOOKMARK [2][-]{subsection.4.2}{研究助理}{section.4}% 10
\BOOKMARK [2][-]{subsection.4.3}{Entity\040Linking\040in\040Web\040Tables}{section.4}% 11
\BOOKMARK [2][-]{subsection.4.4}{组长}{section.4}% 12
\BOOKMARK [1][-]{section.5}{项目经历}{}% 13
\BOOKMARK [2][-]{subsection.5.1}{Essay\040Rater}{section.5}% 14
\BOOKMARK [2][-]{subsection.5.2}{主程序员}{section.5}% 15
\BOOKMARK [2][-]{subsection.5.3}{Annotator\040[Link]}{section.5}% 16
\BOOKMARK [2][-]{subsection.5.4}{主程序员}{section.5}% 17
\BOOKMARK [2][-]{subsection.5.5}{MiniC\040Compiler\040[Link]}{section.5}% 18
\BOOKMARK [2][-]{subsection.5.6}{主程序员}{section.5}% 19
\BOOKMARK [2][-]{subsection.5.7}{AI\040Course\040Projects\040[Link]}{section.5}% 20
\BOOKMARK [2][-]{subsection.5.8}{独立开发}{section.5}% 21
\BOOKMARK [1][-]{section.6}{技能与兴趣}{}% 22
\BOOKMARK [1][-]{section.7}{荣誉与奖项}{}% 23
\BOOKMARK [1][-]{section.8}{课外活动}{}% 24
\BOOKMARK [2][-]{subsection.8.1}{加州州立理工大学国际学生领导力项目}{section.8}% 25
\BOOKMARK [2][-]{subsection.8.2}{成员}{section.8}% 26
\BOOKMARK [2][-]{subsection.8.3}{南京青年奥林匹克运动会志愿者}{section.8}% 27
\BOOKMARK [2][-]{subsection.8.4}{国家奥委会助理}{section.8}% 28
